<?xml version="1.0" encoding="UTF-8"?>
<testsuite name="g76.Tests.PlayerActionTest" tests="8" skipped="0" failures="0" errors="0" timestamp="2020-05-29T10:20:35" hostname="LAPTOP-1MK3BJ23" time="0.423">
  <properties/>
  <testcase name="CantJumpLeft" classname="g76.Tests.PlayerActionTest" time="0.007"/>
  <testcase name="JumpRight" classname="g76.Tests.PlayerActionTest" time="0.38"/>
  <testcase name="CantJumpRight" classname="g76.Tests.PlayerActionTest" time="0.001"/>
  <testcase name="MoveRight" classname="g76.Tests.PlayerActionTest" time="0.005"/>
  <testcase name="PlayerJump" classname="g76.Tests.PlayerActionTest" time="0.005"/>
  <testcase name="JumpLeft" classname="g76.Tests.PlayerActionTest" time="0.018"/>
  <testcase name="CantJump" classname="g76.Tests.PlayerActionTest" time="0.001"/>
  <testcase name="MoveLeft" classname="g76.Tests.PlayerActionTest" time="0.003"/>
  <system-out><![CDATA[]]></system-out>
  <system-err><![CDATA[]]></system-err>
</testsuite>
