<?xml version="1.0" encoding="UTF-8"?>
<testsuite name="g76.Tests.PositionTest" tests="3" skipped="0" failures="0" errors="0" timestamp="2020-05-29T10:20:36" hostname="LAPTOP-1MK3BJ23" time="0.001">
  <properties/>
  <testcase name="equalOperator" classname="g76.Tests.PositionTest" time="0.001"/>
  <testcase name="addToX" classname="g76.Tests.PositionTest" time="0.0"/>
  <testcase name="addToY" classname="g76.Tests.PositionTest" time="0.0"/>
  <system-out><![CDATA[]]></system-out>
  <system-err><![CDATA[]]></system-err>
</testsuite>
